<?xml version="1.0" encoding="UTF-8"?>
<robot generator="Robot 6.1.1 (Python 3.12.0 on win32)" generated="20231122 15:50:06.862" rpa="false" schemaversion="4">
<suite id="s1" name="3 Sibelius" source="C:\Users\aharju\Documents\RobotFramework\test\3_sibelius.robot">
<test id="s1-t1" name="Search Finna" line="7">
<kw name="Open Browser" library="SeleniumLibrary">
<arg>https://finna.fi</arg>
<doc>Opens a new browser instance to the optional ``url``.</doc>
<msg timestamp="20231122 15:50:07.115" level="INFO">Opening browser 'firefox' to base url 'https://finna.fi'.</msg>
<status status="PASS" starttime="20231122 15:50:07.112" endtime="20231122 15:50:23.099"/>
</kw>
<kw name="Wait Until Page Contains" library="SeleniumLibrary">
<arg>Salli kaikki evästeet</arg>
<doc>Waits until ``text`` appears on the current page.</doc>
<msg timestamp="20231122 15:50:28.505" level="INFO" html="true">&lt;/td&gt;&lt;/tr&gt;&lt;tr&gt;&lt;td colspan="3"&gt;&lt;a href="selenium-screenshot-15.png"&gt;&lt;img src="selenium-screenshot-15.png" width="800px"&gt;&lt;/a&gt;</msg>
<msg timestamp="20231122 15:50:28.505" level="FAIL">Text 'Salli kaikki evästeet' did not appear in 5 seconds.</msg>
<status status="FAIL" starttime="20231122 15:50:23.178" endtime="20231122 15:50:28.506"/>
</kw>
<kw name="Click Button" library="SeleniumLibrary">
<arg>css:#cc-main &gt; div &gt; div &gt; div &gt; div.cm__btns &gt; div &gt; button:nth-child(1)</arg>
<doc>Clicks the button identified by ``locator``.</doc>
<status status="NOT RUN" starttime="20231122 15:50:28.577" endtime="20231122 15:50:28.577"/>
</kw>
<kw name="Click Element" library="SeleniumLibrary">
<arg>//*[@id="language_menu"]</arg>
<doc>Click the element identified by ``locator``.</doc>
<status status="NOT RUN" starttime="20231122 15:50:28.579" endtime="20231122 15:50:28.579"/>
</kw>
<kw name="Click Element" library="SeleniumLibrary">
<arg>//*[@id="language_menu"]/ul/li[3]/a</arg>
<doc>Click the element identified by ``locator``.</doc>
<status status="NOT RUN" starttime="20231122 15:50:28.579" endtime="20231122 15:50:28.580"/>
</kw>
<kw name="Input Text" library="SeleniumLibrary">
<arg>id:searchForm_lookfor</arg>
<arg>Sibelius</arg>
<doc>Types the given ``text`` into the text field identified by ``locator``.</doc>
<status status="NOT RUN" starttime="20231122 15:50:28.580" endtime="20231122 15:50:28.580"/>
</kw>
<kw name="Click Element" library="SeleniumLibrary">
<arg>//*[@id="searchForm"]/button[2]</arg>
<doc>Click the element identified by ``locator``.</doc>
<status status="NOT RUN" starttime="20231122 15:50:28.581" endtime="20231122 15:50:28.581"/>
</kw>
<kw name="Wait Until Page Contains" library="SeleniumLibrary">
<arg>Runeberg</arg>
<doc>Waits until ``text`` appears on the current page.</doc>
<status status="NOT RUN" starttime="20231122 15:50:28.581" endtime="20231122 15:50:28.581"/>
</kw>
<kw name="Click Element" library="SeleniumLibrary">
<arg>//*[@id="result0"]/div/div/div[2]/div/div[1]/h2/a</arg>
<doc>Click the element identified by ``locator``.</doc>
<status status="NOT RUN" starttime="20231122 15:50:28.581" endtime="20231122 15:50:28.581"/>
</kw>
<kw name="Wait Until Page Contains" library="SeleniumLibrary">
<arg>P.A. Norstedt &amp; Söners förlag</arg>
<doc>Waits until ``text`` appears on the current page.</doc>
<status status="NOT RUN" starttime="20231122 15:50:28.589" endtime="20231122 15:50:28.590"/>
</kw>
<kw name="Capture Page Screenshot" library="SeleniumLibrary">
<doc>Takes a screenshot of the current page and embeds it into a log file.</doc>
<status status="NOT RUN" starttime="20231122 15:50:28.590" endtime="20231122 15:50:28.590"/>
</kw>
<kw name="Close Browser" library="SeleniumLibrary" type="TEARDOWN">
<doc>Closes the current browser.</doc>
<status status="PASS" starttime="20231122 15:50:28.591" endtime="20231122 15:50:30.184"/>
</kw>
<status status="FAIL" starttime="20231122 15:50:07.109" endtime="20231122 15:50:30.185">Text 'Salli kaikki evästeet' did not appear in 5 seconds.</status>
</test>
<doc>Sibelius search</doc>
<status status="FAIL" starttime="20231122 15:50:06.863" endtime="20231122 15:50:30.187"/>
</suite>
<statistics>
<total>
<stat pass="0" fail="1" skip="0">All Tests</stat>
</total>
<tag>
</tag>
<suite>
<stat pass="0" fail="1" skip="0" id="s1" name="3 Sibelius">3 Sibelius</stat>
</suite>
</statistics>
<errors>
</errors>
</robot>
