<?xml version="1.0" encoding="UTF-8"?>
<robot generator="Robot 6.1.1 (Python 3.12.0 on win32)" generated="20231205 11:23:16.013" rpa="false" schemaversion="4">
<suite id="s1" name="02 Cat-Api" source="C:\Users\aharju\Documents\RobotFramework\robot-framework-adventures\rest-api\02_cat-api.robot">
<test id="s1-t1" name="Delete An Image From Favourites List" line="56">
<kw name="Create New Session">
<kw name="Set Log Level" library="BuiltIn">
<var>${old_log_level}</var>
<arg>NONE</arg>
<doc>Sets the log threshold to the specified level and returns the old level.</doc>
<status status="PASS" starttime="20231205 11:23:16.203" endtime="20231205 11:23:16.203"/>
</kw>
<kw name="Create Dictionary" library="BuiltIn">
<var>${headers}</var>
<arg>x-api-key=${api_key}</arg>
<doc>Creates and returns a dictionary based on the given ``items``.</doc>
<status status="PASS" starttime="20231205 11:23:16.203" endtime="20231205 11:23:16.203"/>
</kw>
<kw name="Create Session" library="RequestsLibrary">
<arg>catapiSession</arg>
<arg>${api_url}</arg>
<arg>headers=${headers}</arg>
<doc>Create Session: create a HTTP session to a server</doc>
<status status="PASS" starttime="20231205 11:23:16.203" endtime="20231205 11:23:16.203"/>
</kw>
<kw name="Set Log Level" library="BuiltIn">
<arg>${old_log_level}</arg>
<doc>Sets the log threshold to the specified level and returns the old level.</doc>
<msg timestamp="20231205 11:23:16.203" level="INFO">Log level changed from NONE to INFO.</msg>
<status status="PASS" starttime="20231205 11:23:16.203" endtime="20231205 11:23:16.203"/>
</kw>
<status status="PASS" starttime="20231205 11:23:16.202" endtime="20231205 11:23:16.203"/>
</kw>
<kw name="Set Log Level" library="BuiltIn">
<var>${old_log_level}</var>
<arg>NONE</arg>
<doc>Sets the log threshold to the specified level and returns the old level.</doc>
<status status="PASS" starttime="20231205 11:23:16.204" endtime="20231205 11:23:16.204"/>
</kw>
<kw name="GET On Session" library="RequestsLibrary">
<var>${response}</var>
<arg>catapiSession</arg>
<arg>${api_url}/favourites</arg>
<doc>Sends a GET request on a previously created HTTP Session.</doc>
<status status="PASS" starttime="20231205 11:23:16.204" endtime="20231205 11:23:16.996"/>
</kw>
<kw name="Set Log Level" library="BuiltIn">
<arg>${old_log_level}</arg>
<doc>Sets the log threshold to the specified level and returns the old level.</doc>
<msg timestamp="20231205 11:23:16.997" level="INFO">Log level changed from NONE to INFO.</msg>
<status status="PASS" starttime="20231205 11:23:16.997" endtime="20231205 11:23:16.997"/>
</kw>
<kw name="Evaluate" library="BuiltIn">
<var>@{data}</var>
<arg>json.loads('''${response.content}''')</arg>
<arg>json</arg>
<doc>Evaluates the given expression in Python and returns the result.</doc>
<msg timestamp="20231205 11:23:16.999" level="INFO">@{data} = [ {'id': 232423111, 'user_id': 'bnf0rc', 'image_id': 'g5', 'sub_id': None, 'created_at': '2023-12-04T12:56:55.000Z', 'image': {'id': 'g5', 'url': 'https://cdn2.thecatapi.com/images/g5.jpg'}} | {'id': ...</msg>
<status status="PASS" starttime="20231205 11:23:16.998" endtime="20231205 11:23:16.999"/>
</kw>
<kw name="Set Variable" library="BuiltIn">
<var>${latest_favourite_before_deleting}</var>
<arg>${data}[-1][id]</arg>
<doc>Returns the given values which can then be assigned to a variables.</doc>
<msg timestamp="20231205 11:23:17.000" level="INFO">${latest_favourite_before_deleting} = 232423114</msg>
<status status="PASS" starttime="20231205 11:23:17.000" endtime="20231205 11:23:17.000"/>
</kw>
<kw name="Log To Console" library="BuiltIn">
<arg>${latest_favourite_before_deleting}</arg>
<doc>Logs the given message to the console.</doc>
<status status="PASS" starttime="20231205 11:23:17.001" endtime="20231205 11:23:17.001"/>
</kw>
<kw name="Set Log Level" library="BuiltIn">
<var>${old_log_level}</var>
<arg>NONE</arg>
<doc>Sets the log threshold to the specified level and returns the old level.</doc>
<status status="PASS" starttime="20231205 11:23:17.002" endtime="20231205 11:23:17.002"/>
</kw>
<kw name="DELETE On Session" library="RequestsLibrary">
<var>${response}</var>
<arg>catapiSession</arg>
<arg>${api_url}/favourites/${latest_favourite_before_deleting}</arg>
<doc>Sends a DELETE request on a previously created HTTP Session.</doc>
<status status="PASS" starttime="20231205 11:23:17.003" endtime="20231205 11:23:17.362"/>
</kw>
<kw name="Log To Console" library="BuiltIn">
<arg>${response}</arg>
<doc>Logs the given message to the console.</doc>
<status status="PASS" starttime="20231205 11:23:17.363" endtime="20231205 11:23:17.364"/>
</kw>
<kw name="GET On Session" library="RequestsLibrary">
<var>${response}</var>
<arg>catapiSession</arg>
<arg>${api_url}/favourites</arg>
<doc>Sends a GET request on a previously created HTTP Session.</doc>
<status status="PASS" starttime="20231205 11:23:17.365" endtime="20231205 11:23:17.709"/>
</kw>
<kw name="Set Log Level" library="BuiltIn">
<arg>${old_log_level}</arg>
<doc>Sets the log threshold to the specified level and returns the old level.</doc>
<msg timestamp="20231205 11:23:17.710" level="INFO">Log level changed from NONE to INFO.</msg>
<status status="PASS" starttime="20231205 11:23:17.710" endtime="20231205 11:23:17.710"/>
</kw>
<kw name="Evaluate" library="BuiltIn">
<var>@{data}</var>
<arg>json.loads('''${response.content}''')</arg>
<arg>json</arg>
<doc>Evaluates the given expression in Python and returns the result.</doc>
<msg timestamp="20231205 11:23:17.712" level="INFO">@{data} = [ {'id': 232423111, 'user_id': 'bnf0rc', 'image_id': 'g5', 'sub_id': None, 'created_at': '2023-12-04T12:56:55.000Z', 'image': {'id': 'g5', 'url': 'https://cdn2.thecatapi.com/images/g5.jpg'}} | {'id': ...</msg>
<status status="PASS" starttime="20231205 11:23:17.711" endtime="20231205 11:23:17.712"/>
</kw>
<kw name="Set Variable" library="BuiltIn">
<var>${latest_favourite_after_deleting}</var>
<arg>${data}[-1][id]</arg>
<doc>Returns the given values which can then be assigned to a variables.</doc>
<msg timestamp="20231205 11:23:17.713" level="INFO">${latest_favourite_after_deleting} = 232423113</msg>
<status status="PASS" starttime="20231205 11:23:17.713" endtime="20231205 11:23:17.713"/>
</kw>
<kw name="Log To Console" library="BuiltIn">
<arg>${latest_favourite_after_deleting}</arg>
<doc>Logs the given message to the console.</doc>
<status status="PASS" starttime="20231205 11:23:17.715" endtime="20231205 11:23:17.717"/>
</kw>
<kw name="Should Not Be Equal As Strings" library="BuiltIn">
<arg>${latest_favourite_after_deleting}</arg>
<arg>${latest_favourite_before_deleting}</arg>
<doc>Fails if objects are equal after converting them to strings.</doc>
<status status="PASS" starttime="20231205 11:23:17.718" endtime="20231205 11:23:17.719"/>
</kw>
<tag>delete favourite</tag>
<status status="PASS" starttime="20231205 11:23:16.202" endtime="20231205 11:23:17.719"/>
</test>
<status status="PASS" starttime="20231205 11:23:16.014" endtime="20231205 11:23:17.721"/>
</suite>
<statistics>
<total>
<stat pass="1" fail="0" skip="0">All Tests</stat>
</total>
<tag>
<stat pass="1" fail="0" skip="0">delete favourite</stat>
</tag>
<suite>
<stat pass="1" fail="0" skip="0" id="s1" name="02 Cat-Api">02 Cat-Api</stat>
</suite>
</statistics>
<errors>
</errors>
</robot>
